  5210.00 ns: Write to SPR : [00000011] <- 00000001
  5310.00 ns: Write to SPR : [00005000] <- 00000000
  7470.00 ns: Read from SPR: [00000001] -> 00000e7f
  7970.00 ns: Read from SPR: [00000011] -> 00008001
  8370.00 ns: Write to SPR : [00000011] <- 00008001
  8470.00 ns: Read from SPR: [00000006] -> 00002640
  9570.00 ns: Write to SPR : [00002002] <- 00000000
 10070.00 ns: Write to SPR : [00002002] <- 00000010
 10570.00 ns: Write to SPR : [00002002] <- 00000020
 11070.00 ns: Write to SPR : [00002002] <- 00000030
 11570.00 ns: Write to SPR : [00002002] <- 00000040
 12070.00 ns: Write to SPR : [00002002] <- 00000050
 12570.00 ns: Write to SPR : [00002002] <- 00000060
 13070.00 ns: Write to SPR : [00002002] <- 00000070
 13570.00 ns: Write to SPR : [00002002] <- 00000080
 14070.00 ns: Write to SPR : [00002002] <- 00000090
 14570.00 ns: Write to SPR : [00002002] <- 000000a0
 15070.00 ns: Write to SPR : [00002002] <- 000000b0
 15570.00 ns: Write to SPR : [00002002] <- 000000c0
 16070.00 ns: Write to SPR : [00002002] <- 000000d0
 16570.00 ns: Write to SPR : [00002002] <- 000000e0
 17070.00 ns: Write to SPR : [00002002] <- 000000f0
 17570.00 ns: Write to SPR : [00002002] <- 00000100
 18070.00 ns: Write to SPR : [00002002] <- 00000110
 18570.00 ns: Write to SPR : [00002002] <- 00000120
 19070.00 ns: Write to SPR : [00002002] <- 00000130
 19570.00 ns: Write to SPR : [00002002] <- 00000140
 20070.00 ns: Write to SPR : [00002002] <- 00000150
 20570.00 ns: Write to SPR : [00002002] <- 00000160
 21070.00 ns: Write to SPR : [00002002] <- 00000170
 21570.00 ns: Write to SPR : [00002002] <- 00000180
 22070.00 ns: Write to SPR : [00002002] <- 00000190
 22570.00 ns: Write to SPR : [00002002] <- 000001a0
 23070.00 ns: Write to SPR : [00002002] <- 000001b0
 23570.00 ns: Write to SPR : [00002002] <- 000001c0
 24070.00 ns: Write to SPR : [00002002] <- 000001d0
 24570.00 ns: Write to SPR : [00002002] <- 000001e0
 25070.00 ns: Write to SPR : [00002002] <- 000001f0
 25570.00 ns: Write to SPR : [00002002] <- 00000200
 26070.00 ns: Write to SPR : [00002002] <- 00000210
 26570.00 ns: Write to SPR : [00002002] <- 00000220
 27070.00 ns: Write to SPR : [00002002] <- 00000230
 27570.00 ns: Write to SPR : [00002002] <- 00000240
 28070.00 ns: Write to SPR : [00002002] <- 00000250
 28570.00 ns: Write to SPR : [00002002] <- 00000260
 29070.00 ns: Write to SPR : [00002002] <- 00000270
 29570.00 ns: Write to SPR : [00002002] <- 00000280
 30070.00 ns: Write to SPR : [00002002] <- 00000290
 30570.00 ns: Write to SPR : [00002002] <- 000002a0
 31070.00 ns: Write to SPR : [00002002] <- 000002b0
 31570.00 ns: Write to SPR : [00002002] <- 000002c0
 32070.00 ns: Write to SPR : [00002002] <- 000002d0
 32570.00 ns: Write to SPR : [00002002] <- 000002e0
 33070.00 ns: Write to SPR : [00002002] <- 000002f0
 33570.00 ns: Write to SPR : [00002002] <- 00000300
 34070.00 ns: Write to SPR : [00002002] <- 00000310
 34570.00 ns: Write to SPR : [00002002] <- 00000320
 35070.00 ns: Write to SPR : [00002002] <- 00000330
 35570.00 ns: Write to SPR : [00002002] <- 00000340
 36070.00 ns: Write to SPR : [00002002] <- 00000350
 36570.00 ns: Write to SPR : [00002002] <- 00000360
 37070.00 ns: Write to SPR : [00002002] <- 00000370
 37570.00 ns: Write to SPR : [00002002] <- 00000380
 38070.00 ns: Write to SPR : [00002002] <- 00000390
 38570.00 ns: Write to SPR : [00002002] <- 000003a0
 39070.00 ns: Write to SPR : [00002002] <- 000003b0
 39570.00 ns: Write to SPR : [00002002] <- 000003c0
 40070.00 ns: Write to SPR : [00002002] <- 000003d0
 40570.00 ns: Write to SPR : [00002002] <- 000003e0
 41070.00 ns: Write to SPR : [00002002] <- 000003f0
 41570.00 ns: Write to SPR : [00002002] <- 00000400
 42070.00 ns: Write to SPR : [00002002] <- 00000410
 42570.00 ns: Write to SPR : [00002002] <- 00000420
 43070.00 ns: Write to SPR : [00002002] <- 00000430
 43570.00 ns: Write to SPR : [00002002] <- 00000440
 44070.00 ns: Write to SPR : [00002002] <- 00000450
 44570.00 ns: Write to SPR : [00002002] <- 00000460
 45070.00 ns: Write to SPR : [00002002] <- 00000470
 45570.00 ns: Write to SPR : [00002002] <- 00000480
 46070.00 ns: Write to SPR : [00002002] <- 00000490
 46570.00 ns: Write to SPR : [00002002] <- 000004a0
 47070.00 ns: Write to SPR : [00002002] <- 000004b0
 47570.00 ns: Write to SPR : [00002002] <- 000004c0
 48070.00 ns: Write to SPR : [00002002] <- 000004d0
 48570.00 ns: Write to SPR : [00002002] <- 000004e0
 49070.00 ns: Write to SPR : [00002002] <- 000004f0
 49570.00 ns: Write to SPR : [00002002] <- 00000500
 50070.00 ns: Write to SPR : [00002002] <- 00000510
 50570.00 ns: Write to SPR : [00002002] <- 00000520
 51070.00 ns: Write to SPR : [00002002] <- 00000530
 51570.00 ns: Write to SPR : [00002002] <- 00000540
 52070.00 ns: Write to SPR : [00002002] <- 00000550
 52570.00 ns: Write to SPR : [00002002] <- 00000560
 53070.00 ns: Write to SPR : [00002002] <- 00000570
 53570.00 ns: Write to SPR : [00002002] <- 00000580
 54070.00 ns: Write to SPR : [00002002] <- 00000590
 54570.00 ns: Write to SPR : [00002002] <- 000005a0
 55070.00 ns: Write to SPR : [00002002] <- 000005b0
 55570.00 ns: Write to SPR : [00002002] <- 000005c0
 56070.00 ns: Write to SPR : [00002002] <- 000005d0
 56570.00 ns: Write to SPR : [00002002] <- 000005e0
 57070.00 ns: Write to SPR : [00002002] <- 000005f0
 57570.00 ns: Write to SPR : [00002002] <- 00000600
 58070.00 ns: Write to SPR : [00002002] <- 00000610
 58570.00 ns: Write to SPR : [00002002] <- 00000620
 59070.00 ns: Write to SPR : [00002002] <- 00000630
 59570.00 ns: Write to SPR : [00002002] <- 00000640
 60070.00 ns: Write to SPR : [00002002] <- 00000650
 60570.00 ns: Write to SPR : [00002002] <- 00000660
 61070.00 ns: Write to SPR : [00002002] <- 00000670
 61570.00 ns: Write to SPR : [00002002] <- 00000680
 62070.00 ns: Write to SPR : [00002002] <- 00000690
 62570.00 ns: Write to SPR : [00002002] <- 000006a0
 63070.00 ns: Write to SPR : [00002002] <- 000006b0
 63570.00 ns: Write to SPR : [00002002] <- 000006c0
 64070.00 ns: Write to SPR : [00002002] <- 000006d0
 64570.00 ns: Write to SPR : [00002002] <- 000006e0
 65070.00 ns: Write to SPR : [00002002] <- 000006f0
 65570.00 ns: Write to SPR : [00002002] <- 00000700
 66070.00 ns: Write to SPR : [00002002] <- 00000710
 66570.00 ns: Write to SPR : [00002002] <- 00000720
 67070.00 ns: Write to SPR : [00002002] <- 00000730
 67570.00 ns: Write to SPR : [00002002] <- 00000740
 68070.00 ns: Write to SPR : [00002002] <- 00000750
 68570.00 ns: Write to SPR : [00002002] <- 00000760
 69070.00 ns: Write to SPR : [00002002] <- 00000770
 69570.00 ns: Write to SPR : [00002002] <- 00000780
 70070.00 ns: Write to SPR : [00002002] <- 00000790
 70570.00 ns: Write to SPR : [00002002] <- 000007a0
 71070.00 ns: Write to SPR : [00002002] <- 000007b0
 71570.00 ns: Write to SPR : [00002002] <- 000007c0
 72070.00 ns: Write to SPR : [00002002] <- 000007d0
 72570.00 ns: Write to SPR : [00002002] <- 000007e0
 73070.00 ns: Write to SPR : [00002002] <- 000007f0
 73570.00 ns: Write to SPR : [00002002] <- 00000800
 74070.00 ns: Write to SPR : [00002002] <- 00000810
 74570.00 ns: Write to SPR : [00002002] <- 00000820
 75070.00 ns: Write to SPR : [00002002] <- 00000830
 75570.00 ns: Write to SPR : [00002002] <- 00000840
 76070.00 ns: Write to SPR : [00002002] <- 00000850
 76570.00 ns: Write to SPR : [00002002] <- 00000860
 77070.00 ns: Write to SPR : [00002002] <- 00000870
 77570.00 ns: Write to SPR : [00002002] <- 00000880
 78070.00 ns: Write to SPR : [00002002] <- 00000890
 78570.00 ns: Write to SPR : [00002002] <- 000008a0
 79070.00 ns: Write to SPR : [00002002] <- 000008b0
 79570.00 ns: Write to SPR : [00002002] <- 000008c0
 80070.00 ns: Write to SPR : [00002002] <- 000008d0
 80570.00 ns: Write to SPR : [00002002] <- 000008e0
 81070.00 ns: Write to SPR : [00002002] <- 000008f0
 81570.00 ns: Write to SPR : [00002002] <- 00000900
 82070.00 ns: Write to SPR : [00002002] <- 00000910
 82570.00 ns: Write to SPR : [00002002] <- 00000920
 83070.00 ns: Write to SPR : [00002002] <- 00000930
 83570.00 ns: Write to SPR : [00002002] <- 00000940
 84070.00 ns: Write to SPR : [00002002] <- 00000950
 84570.00 ns: Write to SPR : [00002002] <- 00000960
 85070.00 ns: Write to SPR : [00002002] <- 00000970
 85570.00 ns: Write to SPR : [00002002] <- 00000980
 86070.00 ns: Write to SPR : [00002002] <- 00000990
 86570.00 ns: Write to SPR : [00002002] <- 000009a0
 87070.00 ns: Write to SPR : [00002002] <- 000009b0
 87570.00 ns: Write to SPR : [00002002] <- 000009c0
 88070.00 ns: Write to SPR : [00002002] <- 000009d0
 88570.00 ns: Write to SPR : [00002002] <- 000009e0
 89070.00 ns: Write to SPR : [00002002] <- 000009f0
 89570.00 ns: Write to SPR : [00002002] <- 00000a00
 90070.00 ns: Write to SPR : [00002002] <- 00000a10
 90570.00 ns: Write to SPR : [00002002] <- 00000a20
 91070.00 ns: Write to SPR : [00002002] <- 00000a30
 91570.00 ns: Write to SPR : [00002002] <- 00000a40
 92070.00 ns: Write to SPR : [00002002] <- 00000a50
 92570.00 ns: Write to SPR : [00002002] <- 00000a60
 93070.00 ns: Write to SPR : [00002002] <- 00000a70
 93570.00 ns: Write to SPR : [00002002] <- 00000a80
 94070.00 ns: Write to SPR : [00002002] <- 00000a90
 94570.00 ns: Write to SPR : [00002002] <- 00000aa0
 95070.00 ns: Write to SPR : [00002002] <- 00000ab0
 95570.00 ns: Write to SPR : [00002002] <- 00000ac0
 96070.00 ns: Write to SPR : [00002002] <- 00000ad0
 96570.00 ns: Write to SPR : [00002002] <- 00000ae0
 97070.00 ns: Write to SPR : [00002002] <- 00000af0
 97570.00 ns: Write to SPR : [00002002] <- 00000b00
 98070.00 ns: Write to SPR : [00002002] <- 00000b10
 98570.00 ns: Write to SPR : [00002002] <- 00000b20
 99070.00 ns: Write to SPR : [00002002] <- 00000b30
 99570.00 ns: Write to SPR : [00002002] <- 00000b40
100070.00 ns: Write to SPR : [00002002] <- 00000b50
100570.00 ns: Write to SPR : [00002002] <- 00000b60
101070.00 ns: Write to SPR : [00002002] <- 00000b70
101570.00 ns: Write to SPR : [00002002] <- 00000b80
102070.00 ns: Write to SPR : [00002002] <- 00000b90
102570.00 ns: Write to SPR : [00002002] <- 00000ba0
103070.00 ns: Write to SPR : [00002002] <- 00000bb0
103570.00 ns: Write to SPR : [00002002] <- 00000bc0
104070.00 ns: Write to SPR : [00002002] <- 00000bd0
104570.00 ns: Write to SPR : [00002002] <- 00000be0
105070.00 ns: Write to SPR : [00002002] <- 00000bf0
105570.00 ns: Write to SPR : [00002002] <- 00000c00
106070.00 ns: Write to SPR : [00002002] <- 00000c10
106570.00 ns: Write to SPR : [00002002] <- 00000c20
107070.00 ns: Write to SPR : [00002002] <- 00000c30
107570.00 ns: Write to SPR : [00002002] <- 00000c40
108070.00 ns: Write to SPR : [00002002] <- 00000c50
108570.00 ns: Write to SPR : [00002002] <- 00000c60
109070.00 ns: Write to SPR : [00002002] <- 00000c70
109570.00 ns: Write to SPR : [00002002] <- 00000c80
110070.00 ns: Write to SPR : [00002002] <- 00000c90
110570.00 ns: Write to SPR : [00002002] <- 00000ca0
111070.00 ns: Write to SPR : [00002002] <- 00000cb0
111570.00 ns: Write to SPR : [00002002] <- 00000cc0
112070.00 ns: Write to SPR : [00002002] <- 00000cd0
112570.00 ns: Write to SPR : [00002002] <- 00000ce0
113070.00 ns: Write to SPR : [00002002] <- 00000cf0
113570.00 ns: Write to SPR : [00002002] <- 00000d00
114070.00 ns: Write to SPR : [00002002] <- 00000d10
114570.00 ns: Write to SPR : [00002002] <- 00000d20
115070.00 ns: Write to SPR : [00002002] <- 00000d30
115570.00 ns: Write to SPR : [00002002] <- 00000d40
116070.00 ns: Write to SPR : [00002002] <- 00000d50
116570.00 ns: Write to SPR : [00002002] <- 00000d60
117070.00 ns: Write to SPR : [00002002] <- 00000d70
117570.00 ns: Write to SPR : [00002002] <- 00000d80
118070.00 ns: Write to SPR : [00002002] <- 00000d90
118570.00 ns: Write to SPR : [00002002] <- 00000da0
119070.00 ns: Write to SPR : [00002002] <- 00000db0
119570.00 ns: Write to SPR : [00002002] <- 00000dc0
120070.00 ns: Write to SPR : [00002002] <- 00000dd0
120570.00 ns: Write to SPR : [00002002] <- 00000de0
121070.00 ns: Write to SPR : [00002002] <- 00000df0
121570.00 ns: Write to SPR : [00002002] <- 00000e00
122070.00 ns: Write to SPR : [00002002] <- 00000e10
122570.00 ns: Write to SPR : [00002002] <- 00000e20
123070.00 ns: Write to SPR : [00002002] <- 00000e30
123570.00 ns: Write to SPR : [00002002] <- 00000e40
124070.00 ns: Write to SPR : [00002002] <- 00000e50
124570.00 ns: Write to SPR : [00002002] <- 00000e60
125070.00 ns: Write to SPR : [00002002] <- 00000e70
125570.00 ns: Write to SPR : [00002002] <- 00000e80
126070.00 ns: Write to SPR : [00002002] <- 00000e90
126570.00 ns: Write to SPR : [00002002] <- 00000ea0
127070.00 ns: Write to SPR : [00002002] <- 00000eb0
127570.00 ns: Write to SPR : [00002002] <- 00000ec0
128070.00 ns: Write to SPR : [00002002] <- 00000ed0
128570.00 ns: Write to SPR : [00002002] <- 00000ee0
129070.00 ns: Write to SPR : [00002002] <- 00000ef0
129570.00 ns: Write to SPR : [00002002] <- 00000f00
130070.00 ns: Write to SPR : [00002002] <- 00000f10
130570.00 ns: Write to SPR : [00002002] <- 00000f20
131070.00 ns: Write to SPR : [00002002] <- 00000f30
131570.00 ns: Write to SPR : [00002002] <- 00000f40
132070.00 ns: Write to SPR : [00002002] <- 00000f50
132570.00 ns: Write to SPR : [00002002] <- 00000f60
133070.00 ns: Write to SPR : [00002002] <- 00000f70
133570.00 ns: Write to SPR : [00002002] <- 00000f80
134070.00 ns: Write to SPR : [00002002] <- 00000f90
134570.00 ns: Write to SPR : [00002002] <- 00000fa0
135070.00 ns: Write to SPR : [00002002] <- 00000fb0
135570.00 ns: Write to SPR : [00002002] <- 00000fc0
136070.00 ns: Write to SPR : [00002002] <- 00000fd0
136570.00 ns: Write to SPR : [00002002] <- 00000fe0
137070.00 ns: Write to SPR : [00002002] <- 00000ff0
137570.00 ns: Write to SPR : [00002002] <- 00001000
137970.00 ns: Read from SPR: [00000011] -> 00008001
138210.00 ns: Write to SPR : [00000011] <- 00008011
138790.00 ns: Read from SPR: [00000001] -> 00000e7f
139090.00 ns: Read from SPR: [00000011] -> 00008011
139350.00 ns: Write to SPR : [00000011] <- 00008011
139390.00 ns: Read from SPR: [00000005] -> 00002640
140090.00 ns: Write to SPR : [00001803] <- 00000000
140230.00 ns: Write to SPR : [00001803] <- 00000010
140370.00 ns: Write to SPR : [00001803] <- 00000020
140510.00 ns: Write to SPR : [00001803] <- 00000030
140650.00 ns: Write to SPR : [00001803] <- 00000040
140790.00 ns: Write to SPR : [00001803] <- 00000050
140930.00 ns: Write to SPR : [00001803] <- 00000060
141070.00 ns: Write to SPR : [00001803] <- 00000070
141210.00 ns: Write to SPR : [00001803] <- 00000080
141350.00 ns: Write to SPR : [00001803] <- 00000090
141490.00 ns: Write to SPR : [00001803] <- 000000a0
141630.00 ns: Write to SPR : [00001803] <- 000000b0
141770.00 ns: Write to SPR : [00001803] <- 000000c0
141910.00 ns: Write to SPR : [00001803] <- 000000d0
142050.00 ns: Write to SPR : [00001803] <- 000000e0
142190.00 ns: Write to SPR : [00001803] <- 000000f0
142330.00 ns: Write to SPR : [00001803] <- 00000100
142470.00 ns: Write to SPR : [00001803] <- 00000110
142610.00 ns: Write to SPR : [00001803] <- 00000120
142750.00 ns: Write to SPR : [00001803] <- 00000130
142890.00 ns: Write to SPR : [00001803] <- 00000140
143030.00 ns: Write to SPR : [00001803] <- 00000150
143170.00 ns: Write to SPR : [00001803] <- 00000160
143310.00 ns: Write to SPR : [00001803] <- 00000170
143450.00 ns: Write to SPR : [00001803] <- 00000180
143590.00 ns: Write to SPR : [00001803] <- 00000190
143730.00 ns: Write to SPR : [00001803] <- 000001a0
143870.00 ns: Write to SPR : [00001803] <- 000001b0
144010.00 ns: Write to SPR : [00001803] <- 000001c0
144150.00 ns: Write to SPR : [00001803] <- 000001d0
144290.00 ns: Write to SPR : [00001803] <- 000001e0
144430.00 ns: Write to SPR : [00001803] <- 000001f0
144570.00 ns: Write to SPR : [00001803] <- 00000200
144710.00 ns: Write to SPR : [00001803] <- 00000210
144850.00 ns: Write to SPR : [00001803] <- 00000220
144990.00 ns: Write to SPR : [00001803] <- 00000230
145130.00 ns: Write to SPR : [00001803] <- 00000240
145270.00 ns: Write to SPR : [00001803] <- 00000250
145410.00 ns: Write to SPR : [00001803] <- 00000260
145550.00 ns: Write to SPR : [00001803] <- 00000270
145690.00 ns: Write to SPR : [00001803] <- 00000280
145830.00 ns: Write to SPR : [00001803] <- 00000290
145970.00 ns: Write to SPR : [00001803] <- 000002a0
146110.00 ns: Write to SPR : [00001803] <- 000002b0
146250.00 ns: Write to SPR : [00001803] <- 000002c0
146390.00 ns: Write to SPR : [00001803] <- 000002d0
146530.00 ns: Write to SPR : [00001803] <- 000002e0
146670.00 ns: Write to SPR : [00001803] <- 000002f0
146810.00 ns: Write to SPR : [00001803] <- 00000300
146950.00 ns: Write to SPR : [00001803] <- 00000310
147090.00 ns: Write to SPR : [00001803] <- 00000320
147230.00 ns: Write to SPR : [00001803] <- 00000330
147370.00 ns: Write to SPR : [00001803] <- 00000340
147510.00 ns: Write to SPR : [00001803] <- 00000350
147650.00 ns: Write to SPR : [00001803] <- 00000360
147790.00 ns: Write to SPR : [00001803] <- 00000370
147930.00 ns: Write to SPR : [00001803] <- 00000380
148070.00 ns: Write to SPR : [00001803] <- 00000390
148210.00 ns: Write to SPR : [00001803] <- 000003a0
148350.00 ns: Write to SPR : [00001803] <- 000003b0
148490.00 ns: Write to SPR : [00001803] <- 000003c0
148630.00 ns: Write to SPR : [00001803] <- 000003d0
148770.00 ns: Write to SPR : [00001803] <- 000003e0
148910.00 ns: Write to SPR : [00001803] <- 000003f0
149050.00 ns: Write to SPR : [00001803] <- 00000400
149190.00 ns: Write to SPR : [00001803] <- 00000410
149330.00 ns: Write to SPR : [00001803] <- 00000420
149470.00 ns: Write to SPR : [00001803] <- 00000430
149610.00 ns: Write to SPR : [00001803] <- 00000440
149750.00 ns: Write to SPR : [00001803] <- 00000450
149890.00 ns: Write to SPR : [00001803] <- 00000460
150030.00 ns: Write to SPR : [00001803] <- 00000470
150170.00 ns: Write to SPR : [00001803] <- 00000480
150310.00 ns: Write to SPR : [00001803] <- 00000490
150450.00 ns: Write to SPR : [00001803] <- 000004a0
150590.00 ns: Write to SPR : [00001803] <- 000004b0
150730.00 ns: Write to SPR : [00001803] <- 000004c0
150870.00 ns: Write to SPR : [00001803] <- 000004d0
151010.00 ns: Write to SPR : [00001803] <- 000004e0
151150.00 ns: Write to SPR : [00001803] <- 000004f0
151290.00 ns: Write to SPR : [00001803] <- 00000500
151430.00 ns: Write to SPR : [00001803] <- 00000510
151570.00 ns: Write to SPR : [00001803] <- 00000520
151710.00 ns: Write to SPR : [00001803] <- 00000530
151850.00 ns: Write to SPR : [00001803] <- 00000540
151990.00 ns: Write to SPR : [00001803] <- 00000550
152130.00 ns: Write to SPR : [00001803] <- 00000560
152270.00 ns: Write to SPR : [00001803] <- 00000570
152410.00 ns: Write to SPR : [00001803] <- 00000580
152550.00 ns: Write to SPR : [00001803] <- 00000590
152690.00 ns: Write to SPR : [00001803] <- 000005a0
152830.00 ns: Write to SPR : [00001803] <- 000005b0
152970.00 ns: Write to SPR : [00001803] <- 000005c0
153110.00 ns: Write to SPR : [00001803] <- 000005d0
153250.00 ns: Write to SPR : [00001803] <- 000005e0
153390.00 ns: Write to SPR : [00001803] <- 000005f0
153530.00 ns: Write to SPR : [00001803] <- 00000600
153670.00 ns: Write to SPR : [00001803] <- 00000610
153810.00 ns: Write to SPR : [00001803] <- 00000620
153950.00 ns: Write to SPR : [00001803] <- 00000630
154090.00 ns: Write to SPR : [00001803] <- 00000640
154230.00 ns: Write to SPR : [00001803] <- 00000650
154370.00 ns: Write to SPR : [00001803] <- 00000660
154510.00 ns: Write to SPR : [00001803] <- 00000670
154650.00 ns: Write to SPR : [00001803] <- 00000680
154790.00 ns: Write to SPR : [00001803] <- 00000690
154930.00 ns: Write to SPR : [00001803] <- 000006a0
155070.00 ns: Write to SPR : [00001803] <- 000006b0
155210.00 ns: Write to SPR : [00001803] <- 000006c0
155350.00 ns: Write to SPR : [00001803] <- 000006d0
155490.00 ns: Write to SPR : [00001803] <- 000006e0
155630.00 ns: Write to SPR : [00001803] <- 000006f0
155770.00 ns: Write to SPR : [00001803] <- 00000700
155910.00 ns: Write to SPR : [00001803] <- 00000710
156050.00 ns: Write to SPR : [00001803] <- 00000720
156190.00 ns: Write to SPR : [00001803] <- 00000730
156330.00 ns: Write to SPR : [00001803] <- 00000740
156470.00 ns: Write to SPR : [00001803] <- 00000750
156610.00 ns: Write to SPR : [00001803] <- 00000760
156750.00 ns: Write to SPR : [00001803] <- 00000770
156890.00 ns: Write to SPR : [00001803] <- 00000780
157030.00 ns: Write to SPR : [00001803] <- 00000790
157170.00 ns: Write to SPR : [00001803] <- 000007a0
157310.00 ns: Write to SPR : [00001803] <- 000007b0
157450.00 ns: Write to SPR : [00001803] <- 000007c0
157590.00 ns: Write to SPR : [00001803] <- 000007d0
157730.00 ns: Write to SPR : [00001803] <- 000007e0
157870.00 ns: Write to SPR : [00001803] <- 000007f0
158010.00 ns: Write to SPR : [00001803] <- 00000800
158150.00 ns: Write to SPR : [00001803] <- 00000810
158290.00 ns: Write to SPR : [00001803] <- 00000820
158430.00 ns: Write to SPR : [00001803] <- 00000830
158570.00 ns: Write to SPR : [00001803] <- 00000840
158710.00 ns: Write to SPR : [00001803] <- 00000850
158850.00 ns: Write to SPR : [00001803] <- 00000860
158990.00 ns: Write to SPR : [00001803] <- 00000870
159130.00 ns: Write to SPR : [00001803] <- 00000880
159270.00 ns: Write to SPR : [00001803] <- 00000890
159410.00 ns: Write to SPR : [00001803] <- 000008a0
159550.00 ns: Write to SPR : [00001803] <- 000008b0
159690.00 ns: Write to SPR : [00001803] <- 000008c0
159830.00 ns: Write to SPR : [00001803] <- 000008d0
159970.00 ns: Write to SPR : [00001803] <- 000008e0
160110.00 ns: Write to SPR : [00001803] <- 000008f0
160250.00 ns: Write to SPR : [00001803] <- 00000900
160390.00 ns: Write to SPR : [00001803] <- 00000910
160530.00 ns: Write to SPR : [00001803] <- 00000920
160670.00 ns: Write to SPR : [00001803] <- 00000930
160810.00 ns: Write to SPR : [00001803] <- 00000940
160950.00 ns: Write to SPR : [00001803] <- 00000950
161090.00 ns: Write to SPR : [00001803] <- 00000960
161230.00 ns: Write to SPR : [00001803] <- 00000970
161370.00 ns: Write to SPR : [00001803] <- 00000980
161510.00 ns: Write to SPR : [00001803] <- 00000990
161650.00 ns: Write to SPR : [00001803] <- 000009a0
161790.00 ns: Write to SPR : [00001803] <- 000009b0
161930.00 ns: Write to SPR : [00001803] <- 000009c0
162070.00 ns: Write to SPR : [00001803] <- 000009d0
162210.00 ns: Write to SPR : [00001803] <- 000009e0
162350.00 ns: Write to SPR : [00001803] <- 000009f0
162490.00 ns: Write to SPR : [00001803] <- 00000a00
162630.00 ns: Write to SPR : [00001803] <- 00000a10
162770.00 ns: Write to SPR : [00001803] <- 00000a20
162910.00 ns: Write to SPR : [00001803] <- 00000a30
163050.00 ns: Write to SPR : [00001803] <- 00000a40
163190.00 ns: Write to SPR : [00001803] <- 00000a50
163330.00 ns: Write to SPR : [00001803] <- 00000a60
163470.00 ns: Write to SPR : [00001803] <- 00000a70
163610.00 ns: Write to SPR : [00001803] <- 00000a80
163750.00 ns: Write to SPR : [00001803] <- 00000a90
163890.00 ns: Write to SPR : [00001803] <- 00000aa0
164030.00 ns: Write to SPR : [00001803] <- 00000ab0
164170.00 ns: Write to SPR : [00001803] <- 00000ac0
164310.00 ns: Write to SPR : [00001803] <- 00000ad0
164450.00 ns: Write to SPR : [00001803] <- 00000ae0
164590.00 ns: Write to SPR : [00001803] <- 00000af0
164730.00 ns: Write to SPR : [00001803] <- 00000b00
164870.00 ns: Write to SPR : [00001803] <- 00000b10
165010.00 ns: Write to SPR : [00001803] <- 00000b20
165150.00 ns: Write to SPR : [00001803] <- 00000b30
165290.00 ns: Write to SPR : [00001803] <- 00000b40
165430.00 ns: Write to SPR : [00001803] <- 00000b50
165570.00 ns: Write to SPR : [00001803] <- 00000b60
165710.00 ns: Write to SPR : [00001803] <- 00000b70
165850.00 ns: Write to SPR : [00001803] <- 00000b80
165990.00 ns: Write to SPR : [00001803] <- 00000b90
166130.00 ns: Write to SPR : [00001803] <- 00000ba0
166270.00 ns: Write to SPR : [00001803] <- 00000bb0
166410.00 ns: Write to SPR : [00001803] <- 00000bc0
166550.00 ns: Write to SPR : [00001803] <- 00000bd0
166690.00 ns: Write to SPR : [00001803] <- 00000be0
166830.00 ns: Write to SPR : [00001803] <- 00000bf0
166970.00 ns: Write to SPR : [00001803] <- 00000c00
167110.00 ns: Write to SPR : [00001803] <- 00000c10
167250.00 ns: Write to SPR : [00001803] <- 00000c20
167390.00 ns: Write to SPR : [00001803] <- 00000c30
167530.00 ns: Write to SPR : [00001803] <- 00000c40
167670.00 ns: Write to SPR : [00001803] <- 00000c50
167810.00 ns: Write to SPR : [00001803] <- 00000c60
167950.00 ns: Write to SPR : [00001803] <- 00000c70
168090.00 ns: Write to SPR : [00001803] <- 00000c80
168230.00 ns: Write to SPR : [00001803] <- 00000c90
168370.00 ns: Write to SPR : [00001803] <- 00000ca0
168510.00 ns: Write to SPR : [00001803] <- 00000cb0
168650.00 ns: Write to SPR : [00001803] <- 00000cc0
168790.00 ns: Write to SPR : [00001803] <- 00000cd0
168930.00 ns: Write to SPR : [00001803] <- 00000ce0
169070.00 ns: Write to SPR : [00001803] <- 00000cf0
169210.00 ns: Write to SPR : [00001803] <- 00000d00
169350.00 ns: Write to SPR : [00001803] <- 00000d10
169490.00 ns: Write to SPR : [00001803] <- 00000d20
169630.00 ns: Write to SPR : [00001803] <- 00000d30
169770.00 ns: Write to SPR : [00001803] <- 00000d40
169910.00 ns: Write to SPR : [00001803] <- 00000d50
170050.00 ns: Write to SPR : [00001803] <- 00000d60
170190.00 ns: Write to SPR : [00001803] <- 00000d70
170330.00 ns: Write to SPR : [00001803] <- 00000d80
170470.00 ns: Write to SPR : [00001803] <- 00000d90
170610.00 ns: Write to SPR : [00001803] <- 00000da0
170750.00 ns: Write to SPR : [00001803] <- 00000db0
170890.00 ns: Write to SPR : [00001803] <- 00000dc0
171030.00 ns: Write to SPR : [00001803] <- 00000dd0
171170.00 ns: Write to SPR : [00001803] <- 00000de0
171310.00 ns: Write to SPR : [00001803] <- 00000df0
171450.00 ns: Write to SPR : [00001803] <- 00000e00
171590.00 ns: Write to SPR : [00001803] <- 00000e10
171730.00 ns: Write to SPR : [00001803] <- 00000e20
171870.00 ns: Write to SPR : [00001803] <- 00000e30
172010.00 ns: Write to SPR : [00001803] <- 00000e40
172150.00 ns: Write to SPR : [00001803] <- 00000e50
172290.00 ns: Write to SPR : [00001803] <- 00000e60
172430.00 ns: Write to SPR : [00001803] <- 00000e70
172570.00 ns: Write to SPR : [00001803] <- 00000e80
172710.00 ns: Write to SPR : [00001803] <- 00000e90
172850.00 ns: Write to SPR : [00001803] <- 00000ea0
172990.00 ns: Write to SPR : [00001803] <- 00000eb0
173130.00 ns: Write to SPR : [00001803] <- 00000ec0
173270.00 ns: Write to SPR : [00001803] <- 00000ed0
173410.00 ns: Write to SPR : [00001803] <- 00000ee0
173550.00 ns: Write to SPR : [00001803] <- 00000ef0
173690.00 ns: Write to SPR : [00001803] <- 00000f00
173830.00 ns: Write to SPR : [00001803] <- 00000f10
173970.00 ns: Write to SPR : [00001803] <- 00000f20
174110.00 ns: Write to SPR : [00001803] <- 00000f30
174250.00 ns: Write to SPR : [00001803] <- 00000f40
174390.00 ns: Write to SPR : [00001803] <- 00000f50
174530.00 ns: Write to SPR : [00001803] <- 00000f60
174670.00 ns: Write to SPR : [00001803] <- 00000f70
174810.00 ns: Write to SPR : [00001803] <- 00000f80
174950.00 ns: Write to SPR : [00001803] <- 00000f90
175090.00 ns: Write to SPR : [00001803] <- 00000fa0
175230.00 ns: Write to SPR : [00001803] <- 00000fb0
175370.00 ns: Write to SPR : [00001803] <- 00000fc0
175510.00 ns: Write to SPR : [00001803] <- 00000fd0
175650.00 ns: Write to SPR : [00001803] <- 00000fe0
175790.00 ns: Write to SPR : [00001803] <- 00000ff0
175930.00 ns: Write to SPR : [00001803] <- 00001000
176210.00 ns: Read from SPR: [00000011] -> 00008011
176330.00 ns: Write to SPR : [00000011] <- 00008019
